<?xml version="1.0" encoding="UTF-8"?>
<testng-results skipped="0" failed="0" total="1" passed="1">
  <reporter-output>
  </reporter-output>
  <suite name="Suite" duration-ms="3461" started-at="2019-11-05T14:05:09Z" finished-at="2019-11-05T14:05:13Z">
    <groups>
      <group name="cucumber">
        <method signature="AbstractTestNGCucumberTests.runScenario(cucumber.api.testng.PickleEventWrapper, cucumber.api.testng.CucumberFeatureWrapper)[pri:0, instance:Runner.RunCuke@56ac3a89]" name="runScenario" class="cucumber.api.testng.AbstractTestNGCucumberTests"/>
      </group> <!-- cucumber -->
    </groups>
    <test name="Test" duration-ms="3461" started-at="2019-11-05T14:05:09Z" finished-at="2019-11-05T14:05:13Z">
      <class name="Runner.RunCuke">
        <test-method status="PASS" signature="setUpClass()[pri:0, instance:Runner.RunCuke@56ac3a89]" name="setUpClass" is-config="true" duration-ms="109" started-at="2019-11-05T19:35:10Z" finished-at="2019-11-05T19:35:10Z">
          <reporter-output>
          </reporter-output>
        </test-method> <!-- setUpClass -->
        <test-method status="PASS" signature="runScenario(cucumber.api.testng.PickleEventWrapper, cucumber.api.testng.CucumberFeatureWrapper)[pri:0, instance:Runner.RunCuke@56ac3a89]" name="runScenario" duration-ms="2629" started-at="2019-11-05T19:35:10Z" description="Runs Cucumber Scenarios" data-provider="scenarios" finished-at="2019-11-05T19:35:13Z">
          <params>
            <param index="0">
              <value>
                <![CDATA["Validate Create Customer API with valid auth key"]]>
              </value>
            </param>
            <param index="1">
              <value>
                <![CDATA["Test Customer API with different functionality"]]>
              </value>
            </param>
          </params>
          <reporter-output>
          </reporter-output>
        </test-method> <!-- runScenario -->
        <test-method status="PASS" signature="tearDownClass()[pri:0, instance:Runner.RunCuke@56ac3a89]" name="tearDownClass" is-config="true" duration-ms="37" started-at="2019-11-05T19:35:13Z" finished-at="2019-11-05T19:35:13Z">
          <reporter-output>
          </reporter-output>
        </test-method> <!-- tearDownClass -->
      </class> <!-- Runner.RunCuke -->
    </test> <!-- Test -->
  </suite> <!-- Suite -->
</testng-results>
